2021-04-17 14:37:32,314 [main] INFO Zoopla Automation - ******** > Test excuted with chrome browser  < ***********
2021-04-17 14:37:35,210 [main] INFO Zoopla Automation - ******** > User able to enter URL  < ***********
2021-04-17 14:37:37,618 [main] INFO Zoopla Automation - ******** > User able click on Accept the cookies < ***********
2021-04-17 14:37:37,820 [main] INFO Zoopla Automation - ******** > User able to click on the login button < ***********
2021-04-17 14:37:39,244 [main] INFO Zoopla Automation - ******** > User enter the userName & Peassword < ***********
2021-04-17 14:37:39,677 [main] INFO Zoopla Automation - ******** > User click on the signing button < ***********
2021-04-17 14:37:39,705 [main] INFO Zoopla Automation - ******** > User able to verify successfully login & verify the homepage title < ***********
2021-04-17 14:38:53,316 [main] INFO Zoopla Automation - ******** > Test excuted with chrome browser  < ***********
2021-04-17 14:38:56,102 [main] INFO Zoopla Automation - ******** > User able to enter URL  < ***********
2021-04-17 14:38:58,442 [main] INFO Zoopla Automation - ******** > User able click on Accept the cookies < ***********
2021-04-17 14:38:58,651 [main] INFO Zoopla Automation - ******** > User able to click on the login button < ***********
2021-04-17 14:39:00,310 [main] INFO Zoopla Automation - ******** > User enter the userName & Peassword < ***********
2021-04-17 14:39:00,707 [main] INFO Zoopla Automation - ******** > User click on the signing button < ***********
2021-04-17 14:39:00,734 [main] INFO Zoopla Automation - ******** > User able to verify successfully login & verify the homepage title < ***********
2021-04-17 14:58:39,171 [main] INFO Zoopla Automation - ******** > Test excuted with chrome browser  < ***********
2021-04-17 14:58:42,121 [main] INFO Zoopla Automation - ******** > User able to enter URL  < ***********
2021-04-17 14:58:44,402 [main] INFO Zoopla Automation - ******** > User able click on Accept the cookies < ***********
2021-04-17 14:58:44,603 [main] INFO Zoopla Automation - ******** > User able to click on the login button < ***********
2021-04-17 14:58:46,305 [main] INFO Zoopla Automation - ******** > User enter the userName & Peassword < ***********
2021-04-17 14:58:46,686 [main] INFO Zoopla Automation - ******** > User click on the signing button < ***********
2021-04-17 14:58:46,710 [main] INFO Zoopla Automation - ******** > User able to verify successfully login & verify the homepage title < ***********
2021-04-17 15:00:10,796 [main] INFO Zoopla Automation - ******** > Test excuted with chrome browser  < ***********
2021-04-17 15:00:13,099 [main] INFO Zoopla Automation - ******** > User able to enter URL  < ***********
2021-04-17 15:00:14,929 [main] INFO Zoopla Automation - ******** > User able click on Accept the cookies < ***********
2021-04-17 15:00:15,118 [main] INFO Zoopla Automation - ******** > User able to click on the login button < ***********
2021-04-17 15:00:16,541 [main] INFO Zoopla Automation - ******** > User enter the userName & Peassword < ***********
2021-04-17 15:00:16,929 [main] INFO Zoopla Automation - ******** > User click on the signing button < ***********
2021-04-17 15:00:16,957 [main] INFO Zoopla Automation - ******** > User able to verify successfully login & verify the homepage title < ***********
2021-04-17 15:01:29,014 [main] INFO Zoopla Automation - ******** > Test excuted with chrome browser  < ***********
2021-04-17 15:01:31,457 [main] INFO Zoopla Automation - ******** > User able to enter URL  < ***********
2021-04-17 15:01:33,077 [main] INFO Zoopla Automation - ******** > User able click on Accept the cookies < ***********
2021-04-17 15:01:33,247 [main] INFO Zoopla Automation - ******** > User able to click on the login button < ***********
2021-04-17 15:01:34,989 [main] INFO Zoopla Automation - ******** > User enter the userName & Peassword < ***********
2021-04-17 15:01:35,349 [main] INFO Zoopla Automation - ******** > User click on the signing button < ***********
2021-04-17 15:01:35,375 [main] INFO Zoopla Automation - ******** > User able to verify successfully login & verify the homepage title < ***********
2021-04-17 15:03:02,312 [main] INFO Zoopla Automation - ******** > Test excuted with chrome browser  < ***********
2021-04-17 15:03:04,648 [main] INFO Zoopla Automation - ******** > User able to enter URL  < ***********
2021-04-17 15:03:07,254 [main] INFO Zoopla Automation - ******** > User able click on Accept the cookies < ***********
2021-04-17 15:03:07,450 [main] INFO Zoopla Automation - ******** > User able to click on the login button < ***********
2021-04-17 15:03:09,040 [main] INFO Zoopla Automation - ******** > User enter the userName & Peassword < ***********
2021-04-17 15:03:09,387 [main] INFO Zoopla Automation - ******** > User click on the signing button < ***********
2021-04-17 15:03:09,419 [main] INFO Zoopla Automation - ******** > User able to verify successfully login & verify the homepage title < ***********
2021-04-17 15:03:11,437 [main] INFO Zoopla Automation - ******** > User able to take screen shot for verfy the homepage < ***********
2021-04-17 15:15:04,298 [main] INFO Zoopla Automation - ******** > Test excuted with chrome browser  < ***********
2021-04-17 15:15:06,672 [main] INFO Zoopla Automation - ******** > User able to enter URL  < ***********
2021-04-17 15:15:08,714 [main] INFO Zoopla Automation - ******** > User able click on Accept the cookies < ***********
2021-04-17 15:15:08,894 [main] INFO Zoopla Automation - ******** > User able to click on the login button < ***********
2021-04-17 15:15:09,849 [main] INFO Zoopla Automation - ******** > User enter the userName & Peassword < ***********
2021-04-17 15:15:10,394 [main] INFO Zoopla Automation - ******** > User click on the signing button < ***********
2021-04-17 15:15:10,419 [main] INFO Zoopla Automation - ******** > User able to verify successfully login & verify the homepage title < ***********
2021-04-17 15:15:12,435 [main] INFO Zoopla Automation - ******** > User able to take screen shot for verfy the homepage < ***********
2021-04-17 16:20:16,992 [main] INFO Zoopla Automation - ******** > Test excuted with chrome browser  < ***********
2021-04-17 16:20:19,929 [main] INFO Zoopla Automation - ******** > User able to enter URL  < ***********
2021-04-17 16:20:21,512 [main] INFO Zoopla Automation - ******** > User able click on Accept the cookies < ***********
2021-04-17 16:20:21,697 [main] INFO Zoopla Automation - ******** > User able to click on the login button < ***********
2021-04-17 16:20:23,165 [main] INFO Zoopla Automation - ******** > User enter the userName & Peassword < ***********
2021-04-17 16:20:23,504 [main] INFO Zoopla Automation - ******** > User click on the signing button < ***********
2021-04-17 16:20:23,529 [main] INFO Zoopla Automation - ******** > User able to verify successfully login & verify the homepage title < ***********
2021-04-17 16:20:25,550 [main] INFO Zoopla Automation - ******** > User able to take screen shot for verfy the homepage < ***********
2021-04-17 16:24:01,562 [main] INFO Zoopla Automation - ******** > Test excuted with chrome browser  < ***********
2021-04-17 16:24:04,132 [main] INFO Zoopla Automation - ******** > User able to enter URL  < ***********
2021-04-17 16:24:06,105 [main] INFO Zoopla Automation - ******** > User able click on Accept the cookies < ***********
2021-04-17 16:24:06,301 [main] INFO Zoopla Automation - ******** > User able to click on the login button < ***********
2021-04-17 16:24:08,645 [main] INFO Zoopla Automation - ******** > User enter the userName & Peassword < ***********
2021-04-17 16:24:09,040 [main] INFO Zoopla Automation - ******** > User click on the signing button < ***********
2021-04-17 16:24:09,064 [main] INFO Zoopla Automation - ******** > User able to verify successfully login & verify the homepage title < ***********
2021-04-17 16:24:11,077 [main] INFO Zoopla Automation - ******** > User able to take screen shot for verfy the homepage < ***********
2021-04-17 16:47:40,753 [main] INFO Zoopla Automation - ******** > Test excuted with chrome browser  < ***********
2021-04-17 16:47:43,724 [main] INFO Zoopla Automation - ******** > User able to enter URL  < ***********
2021-04-17 16:47:45,253 [main] INFO Zoopla Automation - ******** > User able click on Accept the cookies < ***********
2021-04-17 16:47:45,444 [main] INFO Zoopla Automation - ******** > User able to click on the login button < ***********
2021-04-17 16:47:46,907 [main] INFO Zoopla Automation - ******** > User enter the userName & Peassword < ***********
2021-04-17 16:47:47,251 [main] INFO Zoopla Automation - ******** > User click on the signing button < ***********
2021-04-17 16:47:47,272 [main] INFO Zoopla Automation - ******** > User able to verify successfully login & verify the homepage title < ***********
2021-04-17 16:47:49,285 [main] INFO Zoopla Automation - ******** > User able to take screen shot for verfy the homepage < ***********
2021-04-21 17:58:50,335 [main] INFO Zoopla Automation - ******** > Test excuted with chrome browser  < ***********
2021-04-21 17:59:34,220 [main] INFO Zoopla Automation - ******** > Test excuted with chrome browser  < ***********
2021-04-22 22:44:46,152 [main] INFO Zoopla Automation - ******** > Test excuted with chrome browser  < ***********
2021-04-22 22:45:04,086 [main] INFO Zoopla Automation - ******** > Test excuted with chrome browser  < ***********
2021-04-22 22:46:09,372 [main] INFO Zoopla Automation - ******** > Test excuted with chrome browser  < ***********
2021-04-22 22:49:07,198 [main] INFO Zoopla Automation - ******** > Test excuted with chrome browser  < ***********
2021-04-22 22:49:58,270 [main] INFO Zoopla Automation - ******** > Test excuted with chrome browser  < ***********
2021-04-22 22:50:03,718 [main] INFO Zoopla Automation - ******** > User able to enter URL  < ***********
2021-04-22 22:50:07,516 [main] INFO Zoopla Automation - ******** > User able click on Accept the cookies < ***********
2021-04-22 22:50:07,688 [main] INFO Zoopla Automation - ******** > User able to click on the login button < ***********
2021-04-22 22:50:10,593 [main] INFO Zoopla Automation - ******** > User enter the userName & Peassword < ***********
2021-04-22 22:50:10,891 [main] INFO Zoopla Automation - ******** > User click on the signing button < ***********
2021-04-22 22:50:10,913 [main] INFO Zoopla Automation - ******** > User able to verify successfully login & verify the homepage title < ***********
2021-04-22 22:50:12,925 [main] INFO Zoopla Automation - ******** > User able to take screen shot for verfy the homepage < ***********
2021-04-22 22:51:23,880 [main] INFO Zoopla Automation - ******** > Test excuted with chrome browser  < ***********
2021-04-22 22:51:25,864 [main] INFO Zoopla Automation - ******** > User able to enter URL  < ***********
2021-04-22 22:51:28,620 [main] INFO Zoopla Automation - ******** > User able click on Accept the cookies < ***********
2021-04-22 22:51:28,779 [main] INFO Zoopla Automation - ******** > User able to click on the login button < ***********
2021-04-22 22:51:31,374 [main] INFO Zoopla Automation - ******** > User enter the userName & Peassword < ***********
2021-04-22 22:51:31,627 [main] INFO Zoopla Automation - ******** > User click on the signing button < ***********
2021-04-22 22:51:31,644 [main] INFO Zoopla Automation - ******** > User able to verify successfully login & verify the homepage title < ***********
2021-04-22 22:51:33,656 [main] INFO Zoopla Automation - ******** > User able to take screen shot for verfy the homepage < ***********
2021-04-22 22:56:45,108 [main] INFO Zoopla Automation - ******** > Test excuted with chrome browser  < ***********
2021-04-22 22:56:47,225 [main] INFO Zoopla Automation - ******** > User able to enter URL  < ***********
2021-04-22 22:57:02,754 [main] INFO Zoopla Automation - ******** > User able click on Accept the cookies < ***********
2021-04-22 22:57:02,912 [main] INFO Zoopla Automation - ******** > User able to click on the login button < ***********
2021-04-22 22:57:10,595 [main] INFO Zoopla Automation - ******** > User enter the userName & Peassword < ***********
2021-04-22 22:57:10,880 [main] INFO Zoopla Automation - ******** > User click on the signing button < ***********
2021-04-22 22:57:10,898 [main] INFO Zoopla Automation - ******** > User able to verify successfully login & verify the homepage title < ***********
2021-04-22 22:57:12,909 [main] INFO Zoopla Automation - ******** > User able to take screen shot for verfy the homepage < ***********
2021-04-22 22:58:58,549 [main] INFO Zoopla Automation - ******** > Test excuted with chrome browser  < ***********
2021-04-22 22:59:00,427 [main] INFO Zoopla Automation - ******** > User able to enter URL  < ***********
2021-06-27 22:45:33,856 [main] INFO Zoopla Automation - ******** > Test excuted with chrome browser  < ***********
2021-06-27 22:47:09,993 [main] INFO Zoopla Automation - ******** > User able to enter URL  < ***********
2021-06-27 22:47:12,664 [main] INFO Zoopla Automation - ******** > User able click on Accept the cookies < ***********
2021-06-27 22:47:12,843 [main] INFO Zoopla Automation - ******** > User able to click on the login button < ***********
2021-06-27 22:47:35,355 [main] INFO Zoopla Automation - ******** > Test excuted with chrome browser  < ***********
2021-06-27 22:47:37,530 [main] INFO Zoopla Automation - ******** > User able to enter URL  < ***********
2021-06-27 22:47:38,907 [main] INFO Zoopla Automation - ******** > User able click on Accept the cookies < ***********
2021-06-27 22:47:39,095 [main] INFO Zoopla Automation - ******** > User able to click on the login button < ***********
2021-06-27 22:50:29,025 [main] INFO Zoopla Automation - ******** > Test excuted with chrome browser  < ***********
2021-06-27 22:50:31,229 [main] INFO Zoopla Automation - ******** > User able to enter URL  < ***********
2021-06-27 22:50:33,331 [main] INFO Zoopla Automation - ******** > User able click on Accept the cookies < ***********
2021-06-27 22:50:33,498 [main] INFO Zoopla Automation - ******** > User able to click on the login button < ***********
2021-06-27 22:50:34,806 [main] INFO Zoopla Automation - ******** > User enter the userName & Peassword < ***********
2021-06-27 22:50:35,082 [main] INFO Zoopla Automation - ******** > User click on the signing button < ***********
2021-06-27 22:50:35,102 [main] INFO Zoopla Automation - ******** > User able to verify successfully login & verify the homepage title < ***********
2021-06-27 22:50:37,125 [main] INFO Zoopla Automation - ******** > User able to take screen shot for verfy the homepage < ***********
2021-06-27 22:59:42,730 [main] INFO Zoopla Automation - ******** > Test excuted with chrome browser  < ***********
2021-06-27 22:59:44,863 [main] INFO Zoopla Automation - ******** > User able to enter URL  < ***********
2021-06-27 22:59:47,384 [main] INFO Zoopla Automation - ******** > User able click on Accept the cookies < ***********
2021-06-27 22:59:47,559 [main] INFO Zoopla Automation - ******** > User able to click on the login button < ***********
2021-06-27 22:59:48,842 [main] INFO Zoopla Automation - ******** > User enter the userName & Peassword < ***********
2021-06-27 22:59:49,124 [main] INFO Zoopla Automation - ******** > User click on the signing button < ***********
2021-06-27 22:59:49,143 [main] INFO Zoopla Automation - ******** > User able to verify successfully login & verify the homepage title < ***********
2021-06-27 22:59:51,154 [main] INFO Zoopla Automation - ******** > User able to take screen shot for verfy the homepage < ***********
2021-06-27 23:05:45,008 [main] INFO Zoopla Automation - ******** > Test excuted with chrome browser  < ***********
2021-06-27 23:05:47,061 [main] INFO Zoopla Automation - ******** > User able to enter URL  < ***********
2021-06-27 23:05:48,523 [main] INFO Zoopla Automation - ******** > User able click on Accept the cookies < ***********
2021-06-27 23:05:48,690 [main] INFO Zoopla Automation - ******** > User able to click on the login button < ***********
2021-06-27 23:05:50,564 [main] INFO Zoopla Automation - ******** > User enter the userName & Peassword < ***********
2021-06-27 23:05:50,831 [main] INFO Zoopla Automation - ******** > User click on the signing button < ***********
2021-06-27 23:05:50,849 [main] INFO Zoopla Automation - ******** > User able to verify successfully login & verify the homepage title < ***********
2021-06-27 23:05:52,861 [main] INFO Zoopla Automation - ******** > User able to take screen shot for verfy the homepage < ***********
2021-06-27 23:07:00,153 [main] INFO Zoopla Automation - ******** > Test excuted with chrome browser  < ***********
2021-06-27 23:07:02,098 [main] INFO Zoopla Automation - ******** > User able to enter URL  < ***********
2021-06-27 23:07:03,936 [main] INFO Zoopla Automation - ******** > User able click on Accept the cookies < ***********
2021-06-27 23:07:04,109 [main] INFO Zoopla Automation - ******** > User able to click on the login button < ***********
2021-06-27 23:07:05,408 [main] INFO Zoopla Automation - ******** > User enter the userName & Peassword < ***********
2021-06-27 23:07:05,680 [main] INFO Zoopla Automation - ******** > User click on the signing button < ***********
2021-06-27 23:07:05,699 [main] INFO Zoopla Automation - ******** > User able to verify successfully login & verify the homepage title < ***********
2021-06-27 23:07:07,706 [main] INFO Zoopla Automation - ******** > User able to take screen shot for verfy the homepage < ***********
2021-06-27 23:09:15,964 [main] INFO Zoopla Automation - ******** > Test excuted with chrome browser  < ***********
2021-06-27 23:09:18,358 [main] INFO Zoopla Automation - ******** > User able to enter URL  < ***********
2021-06-27 23:09:19,943 [main] INFO Zoopla Automation - ******** > User able click on Accept the cookies < ***********
2021-06-27 23:09:20,193 [main] INFO Zoopla Automation - ******** > User able to click on the login button < ***********
2021-06-27 23:09:21,491 [main] INFO Zoopla Automation - ******** > User enter the userName & Peassword < ***********
2021-06-27 23:09:21,749 [main] INFO Zoopla Automation - ******** > User click on the signing button < ***********
2021-06-27 23:09:21,768 [main] INFO Zoopla Automation - ******** > User able to verify successfully login & verify the homepage title < ***********
2021-06-27 23:09:23,779 [main] INFO Zoopla Automation - ******** > User able to take screen shot for verfy the homepage < ***********
2021-09-22 20:25:30,141 [main] INFO Zoopla Automation - ******** > Test excuted with chrome browser  < ***********
2021-09-22 20:25:34,264 [main] INFO Zoopla Automation - ******** > User able to enter URL  < ***********
2021-09-22 20:25:36,138 [main] INFO Zoopla Automation - ******** > User able click on Accept the cookies < ***********
2021-09-25 10:38:26,463 [main] INFO Zoopla Automation - ******** > Test excuted with chrome browser  < ***********
2021-09-25 10:38:29,317 [main] INFO Zoopla Automation - ******** > User able to enter URL  < ***********
2021-09-25 10:38:30,864 [main] INFO Zoopla Automation - ******** > User able click on Accept the cookies < ***********
2021-09-25 10:40:14,056 [main] INFO Zoopla Automation - ******** > Test excuted with chrome browser  < ***********
2021-09-25 10:40:16,381 [main] INFO Zoopla Automation - ******** > User able to enter URL  < ***********
2021-09-25 10:40:18,372 [main] INFO Zoopla Automation - ******** > User able click on Accept the cookies < ***********
2021-09-25 10:43:06,355 [main] INFO Zoopla Automation - ******** > Test excuted with chrome browser  < ***********
2021-09-25 10:43:08,684 [main] INFO Zoopla Automation - ******** > User able to enter URL  < ***********
2021-09-25 10:43:10,984 [main] INFO Zoopla Automation - ******** > User able click on Accept the cookies < ***********
2021-09-25 10:45:23,330 [main] INFO Zoopla Automation - ******** > Test excuted with chrome browser  < ***********
2021-09-25 10:45:25,680 [main] INFO Zoopla Automation - ******** > User able to enter URL  < ***********
2021-09-25 10:45:27,704 [main] INFO Zoopla Automation - ******** > User able click on Accept the cookies < ***********
2021-09-25 10:46:26,990 [main] INFO Zoopla Automation - ******** > Test excuted with chrome browser  < ***********
2021-09-25 10:46:29,260 [main] INFO Zoopla Automation - ******** > User able to enter URL  < ***********
2021-09-25 10:46:32,521 [main] INFO Zoopla Automation - ******** > User able to click on the login button < ***********
2021-09-25 10:46:32,805 [main] INFO Zoopla Automation - ******** > User enter the userName & Peassword < ***********
2021-09-25 10:46:33,389 [main] INFO Zoopla Automation - ******** > User click on the signing button < ***********
2021-09-25 10:46:33,422 [main] INFO Zoopla Automation - ******** > User able to verify successfully login & verify the homepage title < ***********
2021-09-25 10:49:29,897 [main] INFO Zoopla Automation - ******** > Test excuted with chrome browser  < ***********
2021-09-25 10:49:32,445 [main] INFO Zoopla Automation - ******** > User able to enter URL  < ***********
2021-09-25 10:49:34,258 [main] INFO Zoopla Automation - ******** > User able to click on the login button < ***********
2021-09-25 10:49:34,543 [main] INFO Zoopla Automation - ******** > User enter the userName & Peassword < ***********
2021-09-25 10:49:35,186 [main] INFO Zoopla Automation - ******** > User click on the signing button < ***********
2021-09-25 10:52:07,578 [main] INFO Zoopla Automation - ******** > Test excuted with chrome browser  < ***********
2021-09-25 10:52:09,948 [main] INFO Zoopla Automation - ******** > User able to enter URL  < ***********
2021-09-25 10:52:11,490 [main] INFO Zoopla Automation - ******** > User able to click on the login button < ***********
2021-09-25 10:52:12,621 [main] INFO Zoopla Automation - ******** > User enter the userName & Peassword < ***********
2021-09-25 10:52:12,923 [main] INFO Zoopla Automation - ******** > User click on the signing button < ***********
2021-09-25 10:52:13,056 [main] INFO Zoopla Automation - ******** > User able to verify successfully login & verify the homepage title < ***********
2021-09-25 10:52:15,071 [main] INFO Zoopla Automation - ******** > User able to take screen shot for verfy the homepage < ***********
2021-09-25 21:32:53,037 [main] INFO Zoopla Automation - ******** > Test excuted with chrome browser  < ***********
2021-09-25 21:32:56,053 [main] INFO Zoopla Automation - ******** > User able to enter URL  < ***********
2021-09-25 21:32:57,716 [main] INFO Zoopla Automation - ******** > User able to click on the login button < ***********
2021-09-25 21:32:58,895 [main] INFO Zoopla Automation - ******** > User enter the userName & Peassword < ***********
2021-09-25 21:32:59,183 [main] INFO Zoopla Automation - ******** > User click on the signing button < ***********
2021-09-25 21:32:59,325 [main] INFO Zoopla Automation - ******** > User able to verify successfully login & verify the homepage title < ***********
2021-09-25 21:33:01,348 [main] INFO Zoopla Automation - ******** > User able to take screen shot for verfy the homepage < ***********
